0 info it worked if it ends with ok
1 verbose cli [ '/usr/local/Cellar/node/5.4.0/bin/node',
1 verbose cli   '/usr/local/bin/npm',
1 verbose cli   'run',
1 verbose cli   'gen-member' ]
2 info using npm@3.3.12
3 info using node@v5.4.0
4 verbose run-script [ 'pregen-member', 'gen-member', 'postgen-member' ]
5 info lifecycle hackaholics@0.0.0~pregen-member: hackaholics@0.0.0
6 silly lifecycle hackaholics@0.0.0~pregen-member: no script for pregen-member, continuing
7 info lifecycle hackaholics@0.0.0~gen-member: hackaholics@0.0.0
8 verbose lifecycle hackaholics@0.0.0~gen-member: unsafe-perm in lifecycle true
9 verbose lifecycle hackaholics@0.0.0~gen-member: PATH: /usr/local/lib/node_modules/npm/bin/node-gyp-bin:/Users/sudo/Sites/hackaholics/node_modules/.bin:/usr/local/bin:/usr/bin:/bin:/usr/sbin:/sbin
10 verbose lifecycle hackaholics@0.0.0~gen-member: CWD: /Users/sudo/Sites/hackaholics
11 silly lifecycle hackaholics@0.0.0~gen-member: Args: [ '-c', 'node bin/gen-member.js' ]
12 silly lifecycle hackaholics@0.0.0~gen-member: Returned: code: 1  signal: null
13 info lifecycle hackaholics@0.0.0~gen-member: Failed to exec gen-member script
14 verbose stack Error: hackaholics@0.0.0 gen-member: `node bin/gen-member.js`
14 verbose stack Exit status 1
14 verbose stack     at EventEmitter.<anonymous> (/usr/local/lib/node_modules/npm/lib/utils/lifecycle.js:232:16)
14 verbose stack     at emitTwo (events.js:87:13)
14 verbose stack     at EventEmitter.emit (events.js:172:7)
14 verbose stack     at ChildProcess.<anonymous> (/usr/local/lib/node_modules/npm/lib/utils/spawn.js:24:14)
14 verbose stack     at emitTwo (events.js:87:13)
14 verbose stack     at ChildProcess.emit (events.js:172:7)
14 verbose stack     at maybeClose (internal/child_process.js:821:16)
14 verbose stack     at Process.ChildProcess._handle.onexit (internal/child_process.js:211:5)
15 verbose pkgid hackaholics@0.0.0
16 verbose cwd /Users/sudo/Sites/hackaholics
17 error Darwin 15.3.0
18 error argv "/usr/local/Cellar/node/5.4.0/bin/node" "/usr/local/bin/npm" "run" "gen-member"
19 error node v5.4.0
20 error npm  v3.3.12
21 error code ELIFECYCLE
22 error hackaholics@0.0.0 gen-member: `node bin/gen-member.js`
22 error Exit status 1
23 error Failed at the hackaholics@0.0.0 gen-member script 'node bin/gen-member.js'.
23 error Make sure you have the latest version of node.js and npm installed.
23 error If you do, this is most likely a problem with the hackaholics package,
23 error not with npm itself.
23 error Tell the author that this fails on your system:
23 error     node bin/gen-member.js
23 error You can get their info via:
23 error     npm owner ls hackaholics
23 error There is likely additional logging output above.
24 verbose exit [ 1, true ]
